info: socket.io started
debug: client authorized
info: handshake authorized jVTJ2v23QrLV7iJMmr0f
debug: setting request GET /socket.io/1/websocket/jVTJ2v23QrLV7iJMmr0f
debug: set heartbeat interval for client jVTJ2v23QrLV7iJMmr0f
debug: client authorized for 
debug: websocket writing 1::
{ id: 'jVTJ2v23QrLV7iJMmr0f',
  namespace: 
   { manager: 
      { server: [Object],
        namespaces: [Object],
        sockets: [Circular],
        _events: [Object],
        settings: [Object],
        handshaken: [Object],
        connected: [Object],
        open: [Object],
        closed: {},
        rooms: [Object],
        roomClients: [Object],
        oldListeners: [Object],
        sequenceNumber: -409289441,
        gc: [Object] },
     name: '',
     sockets: { jVTJ2v23QrLV7iJMmr0f: [Circular] },
     auth: false,
     flags: { endpoint: '', exceptions: [] },
     _events: { connection: [Object] } },
  manager: 
   { server: 
      { connections: 2,
        allowHalfOpen: true,
        _handle: [Object],
        httpAllowHalfOpen: false,
        _events: [Object] },
     namespaces: { '': [Object] },
     sockets: 
      { manager: [Circular],
        name: '',
        sockets: [Object],
        auth: false,
        flags: [Object],
        _events: [Object] },
     _events: 
      { 'set:transports': [Object],
        'set:store': [Function],
        'set:origins': [Function],
        'set:flash policy port': [Function],
        'set:flash policy server': [Function] },
     settings: 
      { origins: '*:*',
        log: true,
        store: [Object],
        logger: [Object],
        static: [Object],
        heartbeats: true,
        resource: '/socket.io',
        transports: [Object],
        authorization: false,
        blacklist: [Object],
        'log level': 3,
        'log colors': false,
        'close timeout': 60,
        'heartbeat interval': 25,
        'heartbeat timeout': 60,
        'polling duration': 20,
        'flash policy server': true,
        'flash policy port': 10843,
        'destroy upgrade': true,
        'destroy buffer size': 100000000,
        'browser client': true,
        'browser client cache': true,
        'browser client minification': false,
        'browser client etag': false,
        'browser client expires': 315360000,
        'browser client gzip': false,
        'browser client handler': false,
        'client store expiration': 15,
        'match origin protocol': false },
     handshaken: { jVTJ2v23QrLV7iJMmr0f: [Object] },
     connected: { jVTJ2v23QrLV7iJMmr0f: true },
     open: { jVTJ2v23QrLV7iJMmr0f: true },
     closed: {},
     rooms: { '': [Object] },
     roomClients: { jVTJ2v23QrLV7iJMmr0f: [Object] },
     oldListeners: [ [Function] ],
     sequenceNumber: -409289441,
     gc: { ontimeout: [Function] } },
  disconnected: false,
  ackPackets: 0,
  acks: {},
  flags: { endpoint: '', room: '' },
  readable: true,
  store: 
   { store: { options: undefined, clients: [Object], manager: [Object] },
     id: 'jVTJ2v23QrLV7iJMmr0f',
     data: {} },
  _events: { error: [Function] } }
debug: websocket writing 5:::{"name":"message","args":[{"hello":"world"}]}
debug: emitting heartbeat for client jVTJ2v23QrLV7iJMmr0f
debug: websocket writing 2::
debug: set heartbeat timeout for client jVTJ2v23QrLV7iJMmr0f
debug: got heartbeat packet
debug: cleared heartbeat timeout for client jVTJ2v23QrLV7iJMmr0f
debug: set heartbeat interval for client jVTJ2v23QrLV7iJMmr0f
debug: emitting heartbeat for client jVTJ2v23QrLV7iJMmr0f
debug: websocket writing 2::
debug: set heartbeat timeout for client jVTJ2v23QrLV7iJMmr0f
debug: got heartbeat packet
debug: cleared heartbeat timeout for client jVTJ2v23QrLV7iJMmr0f
debug: set heartbeat interval for client jVTJ2v23QrLV7iJMmr0f
debug: emitting heartbeat for client jVTJ2v23QrLV7iJMmr0f
debug: websocket writing 2::
debug: set heartbeat timeout for client jVTJ2v23QrLV7iJMmr0f
debug: got heartbeat packet
debug: cleared heartbeat timeout for client jVTJ2v23QrLV7iJMmr0f
debug: set heartbeat interval for client jVTJ2v23QrLV7iJMmr0f
debug: emitting heartbeat for client jVTJ2v23QrLV7iJMmr0f
debug: websocket writing 2::
debug: set heartbeat timeout for client jVTJ2v23QrLV7iJMmr0f
debug: got heartbeat packet
debug: cleared heartbeat timeout for client jVTJ2v23QrLV7iJMmr0f
debug: set heartbeat interval for client jVTJ2v23QrLV7iJMmr0f
debug: emitting heartbeat for client jVTJ2v23QrLV7iJMmr0f
debug: websocket writing 2::
debug: set heartbeat timeout for client jVTJ2v23QrLV7iJMmr0f
debug: got heartbeat packet
debug: cleared heartbeat timeout for client jVTJ2v23QrLV7iJMmr0f
debug: set heartbeat interval for client jVTJ2v23QrLV7iJMmr0f
debug: emitting heartbeat for client jVTJ2v23QrLV7iJMmr0f
debug: websocket writing 2::
debug: set heartbeat timeout for client jVTJ2v23QrLV7iJMmr0f
debug: got heartbeat packet
debug: cleared heartbeat timeout for client jVTJ2v23QrLV7iJMmr0f
debug: set heartbeat interval for client jVTJ2v23QrLV7iJMmr0f
debug: emitting heartbeat for client jVTJ2v23QrLV7iJMmr0f
debug: websocket writing 2::
debug: set heartbeat timeout for client jVTJ2v23QrLV7iJMmr0f
debug: got heartbeat packet
debug: cleared heartbeat timeout for client jVTJ2v23QrLV7iJMmr0f
debug: set heartbeat interval for client jVTJ2v23QrLV7iJMmr0f
debug: emitting heartbeat for client jVTJ2v23QrLV7iJMmr0f
debug: websocket writing 2::
debug: set heartbeat timeout for client jVTJ2v23QrLV7iJMmr0f
debug: got heartbeat packet
debug: cleared heartbeat timeout for client jVTJ2v23QrLV7iJMmr0f
debug: set heartbeat interval for client jVTJ2v23QrLV7iJMmr0f
debug: emitting heartbeat for client jVTJ2v23QrLV7iJMmr0f
debug: websocket writing 2::
debug: set heartbeat timeout for client jVTJ2v23QrLV7iJMmr0f
debug: got heartbeat packet
debug: cleared heartbeat timeout for client jVTJ2v23QrLV7iJMmr0f
debug: set heartbeat interval for client jVTJ2v23QrLV7iJMmr0f
debug: emitting heartbeat for client jVTJ2v23QrLV7iJMmr0f
debug: websocket writing 2::
debug: set heartbeat timeout for client jVTJ2v23QrLV7iJMmr0f
debug: got heartbeat packet
debug: cleared heartbeat timeout for client jVTJ2v23QrLV7iJMmr0f
debug: set heartbeat interval for client jVTJ2v23QrLV7iJMmr0f
debug: emitting heartbeat for client jVTJ2v23QrLV7iJMmr0f
debug: websocket writing 2::
debug: set heartbeat timeout for client jVTJ2v23QrLV7iJMmr0f
debug: got heartbeat packet
debug: cleared heartbeat timeout for client jVTJ2v23QrLV7iJMmr0f
debug: set heartbeat interval for client jVTJ2v23QrLV7iJMmr0f
debug: emitting heartbeat for client jVTJ2v23QrLV7iJMmr0f
debug: websocket writing 2::
debug: set heartbeat timeout for client jVTJ2v23QrLV7iJMmr0f
debug: got heartbeat packet
debug: cleared heartbeat timeout for client jVTJ2v23QrLV7iJMmr0f
debug: set heartbeat interval for client jVTJ2v23QrLV7iJMmr0f
debug: emitting heartbeat for client jVTJ2v23QrLV7iJMmr0f
debug: websocket writing 2::
debug: set heartbeat timeout for client jVTJ2v23QrLV7iJMmr0f
debug: got heartbeat packet
debug: cleared heartbeat timeout for client jVTJ2v23QrLV7iJMmr0f
debug: set heartbeat interval for client jVTJ2v23QrLV7iJMmr0f
debug: emitting heartbeat for client jVTJ2v23QrLV7iJMmr0f
debug: websocket writing 2::
debug: set heartbeat timeout for client jVTJ2v23QrLV7iJMmr0f
debug: got heartbeat packet
debug: cleared heartbeat timeout for client jVTJ2v23QrLV7iJMmr0f
debug: set heartbeat interval for client jVTJ2v23QrLV7iJMmr0f
debug: emitting heartbeat for client jVTJ2v23QrLV7iJMmr0f
debug: websocket writing 2::
debug: set heartbeat timeout for client jVTJ2v23QrLV7iJMmr0f
debug: got heartbeat packet
debug: cleared heartbeat timeout for client jVTJ2v23QrLV7iJMmr0f
debug: set heartbeat interval for client jVTJ2v23QrLV7iJMmr0f
debug: emitting heartbeat for client jVTJ2v23QrLV7iJMmr0f
debug: websocket writing 2::
debug: set heartbeat timeout for client jVTJ2v23QrLV7iJMmr0f
debug: got heartbeat packet
debug: cleared heartbeat timeout for client jVTJ2v23QrLV7iJMmr0f
debug: set heartbeat interval for client jVTJ2v23QrLV7iJMmr0f
debug: emitting heartbeat for client jVTJ2v23QrLV7iJMmr0f
debug: websocket writing 2::
debug: set heartbeat timeout for client jVTJ2v23QrLV7iJMmr0f
debug: got heartbeat packet
debug: cleared heartbeat timeout for client jVTJ2v23QrLV7iJMmr0f
debug: set heartbeat interval for client jVTJ2v23QrLV7iJMmr0f
debug: emitting heartbeat for client jVTJ2v23QrLV7iJMmr0f
debug: websocket writing 2::
debug: set heartbeat timeout for client jVTJ2v23QrLV7iJMmr0f
debug: got heartbeat packet
debug: cleared heartbeat timeout for client jVTJ2v23QrLV7iJMmr0f
debug: set heartbeat interval for client jVTJ2v23QrLV7iJMmr0f
debug: emitting heartbeat for client jVTJ2v23QrLV7iJMmr0f
debug: websocket writing 2::
debug: set heartbeat timeout for client jVTJ2v23QrLV7iJMmr0f
debug: got heartbeat packet
debug: cleared heartbeat timeout for client jVTJ2v23QrLV7iJMmr0f
debug: set heartbeat interval for client jVTJ2v23QrLV7iJMmr0f
info: transport end (socket end)
debug: set close timeout for client jVTJ2v23QrLV7iJMmr0f
debug: cleared close timeout for client jVTJ2v23QrLV7iJMmr0f
debug: cleared heartbeat interval for client jVTJ2v23QrLV7iJMmr0f

/home/dan/www/projectchaplin/node/server.js:15
        clients.splice(clients.indexOf(client), 1);
                                       ^
ReferenceError: client is not defined
    at Socket.<anonymous> (/home/dan/www/projectchaplin/node/server.js:15:40)
    at Socket.$emit (events.js:67:17)
    at Socket.onDisconnect (/home/dan/node_modules/socket.io/lib/socket.js:153:10)
    at SocketNamespace.handleDisconnect (/home/dan/node_modules/socket.io/lib/namespace.js:229:46)
    at Manager.onClientDisconnect (/home/dan/node_modules/socket.io/lib/manager.js:501:29)
    at WebSocket.end (/home/dan/node_modules/socket.io/lib/transport.js:467:20)
    at WebSocket.onSocketEnd (/home/dan/node_modules/socket.io/lib/transport.js:147:8)
    at Socket.emit (events.js:64:17)
    at TCP.onread (net.js:368:51)
